#
# A fatal error has been detected by the Java Runtime Environment:
#
#  EXCEPTION_ACCESS_VIOLATION (0xc0000005) at pc=0x000000005d510580, pid=3744, tid=0x0000000000002a3c
#
# JRE version: OpenJDK Runtime Environment (8.0_222-b10) (build 1.8.0_222-1-ojdkbuild-b10)
# Java VM: OpenJDK 64-Bit Server VM (25.222-b10 mixed mode windows-amd64 compressed oops)
# Problematic frame:
# V  [jvm.dll+0x4b0580]
#
# Failed to write core dump. Minidumps are not enabled by default on client versions of Windows
#
# If you would like to submit a bug report, please visit:
#   
#

---------------  T H R E A D  ---------------

Current thread (0x000000001d824800):  JavaThread "C2 CompilerThread1" daemon [_thread_in_native, id=10812, stack(0x000000001f190000,0x000000001f290000)]

siginfo: ExceptionCode=0xc0000005, reading address 0x000000085d899ac0

Registers:
RAX=0x0000000000000000, RBX=0x000000002abe9260, RCX=0x000000085d899ac0, RDX=0x0000000000000000
RSP=0x000000001f28c5d0, RBP=0x000000000000001a, RSI=0x00000000000000d0, RDI=0x000000001f28c620
R8 =0x0000000000800000, R9 =0x000000002acbf3e0, R10=0x0000000000082670, R11=0x000000002a9544f0
R12=0x00000000001c7e60, R13=0x000000001d822500, R14=0x000000005d060000, R15=0x00000000000003d8
RIP=0x000000005d510580, EFLAGS=0x0000000000010246

Top of Stack: (sp=0x000000001f28c5d0)
0x000000001f28c5d0:   000000001d822500 00000000000b0180
0x000000001f28c5e0:   0000000000000000 00000000000e6040
0x000000001f28c5f0:   000000001f28c830 000000005d50be70
0x000000001f28c600:   000000002a954590 000000002abe9260
0x000000001f28c610:   0000000000002d97 000000000000016c
0x000000001f28c620:   000012a600000000 0000000000000006
0x000000001f28c630:   000000085d899ac0 0000000000000013
0x000000001f28c640:   000000002a352ed0 0000000000000034
0x000000001f28c650:   000000002aa61eb0 0000000000002064
0x000000001f28c660:   000000001d8228d8 000000001d822500
0x000000001f28c670:   0000000000000000 000000005d4d36f1
0x000000001f28c680:   000000001f28cb20 0000000000000000
0x000000001f28c690:   000000005d060000 0000000000002d97
0x000000001f28c6a0:   000012a600000000 0000000000000008
0x000000001f28c6b0:   000000002a709f40 0000000000000034
0x000000001f28c6c0:   000000002a353070 0000000000000034 

Instructions: (pc=0x000000005d510580)
0x000000005d510560:   48 8b 4f 20 48 39 04 0e 0f 84 9d 00 00 00 48 8b
0x000000005d510570:   0c 0e 33 d2 33 c0 48 89 4f 10 66 0f 1f 44 00 00
0x000000005d510580:   83 3c 08 00 0f 85 36 01 00 00 ff c2 48 83 c0 04
0x000000005d510590:   83 fa 08 72 eb 48 8b 47 30 48 89 44 24 30 48 85 


Register to memory mapping:

RAX=0x0000000000000000 is an unknown value
RBX=0x000000002abe9260 is an unknown value
RCX=0x000000085d899ac0 is an unknown value
RDX=0x0000000000000000 is an unknown value
RSP=0x000000001f28c5d0 is pointing into the stack for thread: 0x000000001d824800
RBP=0x000000000000001a is an unknown value
RSI=0x00000000000000d0 is an unknown value
RDI=0x000000001f28c620 is pointing into the stack for thread: 0x000000001d824800
R8 =0x0000000000800000 is an unknown value
R9 =0x000000002acbf3e0 is an unknown value
R10=0x0000000000082670 is an unknown value
R11=0x000000002a9544f0 is an unknown value
R12=0x00000000001c7e60 is an unknown value
R13=0x000000001d822500 is an unknown value
R14=0x000000005d060000 is an unknown value
R15=0x00000000000003d8 is an unknown value


Stack: [0x000000001f190000,0x000000001f290000],  sp=0x000000001f28c5d0,  free space=1009k
Native frames: (J=compiled Java code, j=interpreted, Vv=VM code, C=native code)
V  [jvm.dll+0x4b0580]
V  [jvm.dll+0x4abe70]
V  [jvm.dll+0x4736f1]
V  [jvm.dll+0x4764cb]
V  [jvm.dll+0x48175b]
V  [jvm.dll+0x484197]
V  [jvm.dll+0x466732]
V  [jvm.dll+0x83d4f]
V  [jvm.dll+0x846bf]
V  [jvm.dll+0x233fbf]
V  [jvm.dll+0x2859ca]
C  [msvcr100.dll+0x21d9f]
C  [msvcr100.dll+0x21e3b]
C  [KERNEL32.DLL+0x17974]
C  [ntdll.dll+0x5a0b1]


Current CompileTask:
C2:    722  646       4       org.eclipse.jdt.launching.internal.org.objectweb.asm.ClassReader::readStackMapFrame (535 bytes)


---------------  P R O C E S S  ---------------

Java Threads: ( => current thread )
  0x00000000215f8000 JavaThread "Thread-3" daemon [_thread_in_native, id=9500, stack(0x00000000293b0000,0x00000000294b0000)]
  0x00000000200e7800 JavaThread "JavaFX-Launcher" [_thread_blocked, id=6288, stack(0x00000000294b0000,0x00000000295b0000)]
  0x00000000209e1000 JavaThread "JavaFX Application Thread" [_thread_in_Java, id=13188, stack(0x0000000022540000,0x0000000022640000)]
  0x00000000208b5800 JavaThread "Thread-1" daemon [_thread_blocked, id=7300, stack(0x0000000022440000,0x0000000022540000)]
  0x000000001ffa4000 JavaThread "QuantumRenderer-0" daemon [_thread_blocked, id=13676, stack(0x00000000210b0000,0x00000000211b0000)]
  0x000000001d899000 JavaThread "Service Thread" daemon [_thread_blocked, id=6052, stack(0x000000001f490000,0x000000001f590000)]
  0x000000001d826000 JavaThread "C1 CompilerThread3" daemon [_thread_blocked, id=12384, stack(0x000000001f390000,0x000000001f490000)]
  0x000000001d825800 JavaThread "C2 CompilerThread2" daemon [_thread_in_native, id=13224, stack(0x000000001f290000,0x000000001f390000)]
=>0x000000001d824800 JavaThread "C2 CompilerThread1" daemon [_thread_in_native, id=10812, stack(0x000000001f190000,0x000000001f290000)]
  0x000000001d822000 JavaThread "C2 CompilerThread0" daemon [_thread_in_native, id=9616, stack(0x000000001f090000,0x000000001f190000)]
  0x000000001d770800 JavaThread "JDWP Command Reader" daemon [_thread_in_native, id=6992, stack(0x000000001ef90000,0x000000001f090000)]
  0x000000001d76d800 JavaThread "JDWP Event Helper Thread" daemon [_thread_blocked, id=11408, stack(0x000000001ee90000,0x000000001ef90000)]
  0x000000001d760000 JavaThread "JDWP Transport Listener: dt_socket" daemon [_thread_blocked, id=14024, stack(0x000000001ed90000,0x000000001ee90000)]
  0x000000001d74d000 JavaThread "Attach Listener" daemon [_thread_blocked, id=2848, stack(0x000000001ec90000,0x000000001ed90000)]
  0x000000001d74c000 JavaThread "Signal Dispatcher" daemon [_thread_blocked, id=9712, stack(0x000000001eb90000,0x000000001ec90000)]
  0x000000001d6db000 JavaThread "Finalizer" daemon [_thread_blocked, id=8092, stack(0x000000001ea00000,0x000000001eb00000)]
  0x000000001c73e800 JavaThread "Reference Handler" daemon [_thread_blocked, id=1428, stack(0x000000001e900000,0x000000001ea00000)]
  0x0000000002c58000 JavaThread "main" [_thread_blocked, id=13704, stack(0x0000000002990000,0x0000000002a90000)]

Other Threads:
  0x000000001c738800 VMThread [stack: 0x000000001e800000,0x000000001e900000] [id=12324]
  0x000000001d828000 WatcherThread [stack: 0x000000001f590000,0x000000001f690000] [id=2856]

VM state:not at safepoint (normal execution)

VM Mutex/Monitor currently owned by a thread: None

heap address: 0x00000006c1c00000, size: 4068 MB, Compressed Oops mode: Zero based, Oop shift amount: 3
Narrow klass base: 0x0000000000000000, Narrow klass shift: 3
Compressed class space size: 1073741824 Address: 0x00000007c0000000

Heap:
 PSYoungGen      total 76288K, used 56435K [0x000000076b400000, 0x0000000770900000, 0x00000007c0000000)
  eden space 65536K, 86% used [0x000000076b400000,0x000000076eb1cea0,0x000000076f400000)
  from space 10752K, 0% used [0x000000076fe80000,0x000000076fe80000,0x0000000770900000)
  to   space 10752K, 0% used [0x000000076f400000,0x000000076f400000,0x000000076fe80000)
 ParOldGen       total 175104K, used 0K [0x00000006c1c00000, 0x00000006cc700000, 0x000000076b400000)
  object space 175104K, 0% used [0x00000006c1c00000,0x00000006c1c00000,0x00000006cc700000)
 Metaspace       used 11529K, capacity 11846K, committed 12160K, reserved 1060864K
  class space    used 1192K, capacity 1299K, committed 1408K, reserved 1048576K

Card table byte_map: [0x00000000120d0000,0x00000000128d0000] byte_map_base: 0x000000000eac2000

Marking Bits: (ParMarkBitMap*) 0x000000005d8991b0
 Begin Bits: [0x0000000013620000, 0x00000000175b0000)
 End Bits:   [0x00000000175b0000, 0x000000001b540000)

Polling page: 0x0000000000850000

CodeCache: size=245760Kb used=3631Kb max_used=3631Kb free=242128Kb
 bounds [0x0000000002d10000, 0x00000000030a0000, 0x0000000011d10000]
 total_blobs=1183 nmethods=752 adapters=353
 compilation: enabled

Compilation events (250 events):
Event: 0.560 Thread 0x000000001d826000  593   !   3       java.util.zip.ZipFile$ZipFileInputStream::read (131 bytes)
Event: 0.560 Thread 0x000000001d826000 nmethod 593 0x0000000003007b50 code [0x0000000003007d20, 0x00000000030086a8]
Event: 0.560 Thread 0x000000001d826000  594       3       java.util.zip.ZipFile::access$1300 (5 bytes)
Event: 0.560 Thread 0x000000001d826000 nmethod 594 0x0000000003008c50 code [0x0000000003008de0, 0x0000000003009048]
Event: 0.560 Thread 0x000000001d826000  595       3       java.util.zip.ZipFile::ensureOpenOrZipException (18 bytes)
Event: 0.561 Thread 0x000000001d826000 nmethod 595 0x0000000003009190 code [0x0000000003009300, 0x0000000003009528]
Event: 0.561 Thread 0x000000001d826000  596       3       java.util.zip.ZipFile::access$1400 (14 bytes)
Event: 0.561 Thread 0x000000001d826000 nmethod 596 0x0000000003009610 code [0x0000000003009780, 0x0000000003009928]
Event: 0.562 Thread 0x000000001d826000  598   !   3       java.net.URLClassLoader::findClass (47 bytes)
Event: 0.562 Thread 0x000000001d826000 nmethod 598 0x0000000003009d90 code [0x0000000003009f40, 0x000000000300a578]
Event: 0.562 Thread 0x000000001d826000  599       3       java.net.URLClassLoader$1::<init> (15 bytes)
Event: 0.562 Thread 0x000000001d826000 nmethod 599 0x000000000300a810 code [0x000000000300a960, 0x000000000300ab50]
Event: 0.562 Thread 0x000000001d826000  600       3       java.net.URLClassLoader$1::run (5 bytes)
Event: 0.563 Thread 0x000000001d826000 nmethod 600 0x000000000300ac10 code [0x000000000300ad80, 0x000000000300af28]
Event: 0.565 Thread 0x000000001d826000  601       3       java.lang.StringBuffer::<init> (6 bytes)
Event: 0.566 Thread 0x000000001d826000 nmethod 601 0x000000000300d850 code [0x000000000300d9c0, 0x000000000300dc70]
Event: 0.566 Thread 0x000000001d826000  602       3       jdk.internal.org.objectweb.asm.MethodWriter::visitInsn (106 bytes)
Event: 0.566 Thread 0x000000001d826000 nmethod 602 0x00000000030121d0 code [0x0000000003012380, 0x0000000003012828]
Event: 0.567 Thread 0x000000001d825800 nmethod 585 0x0000000003012a10 code [0x0000000003012ba0, 0x0000000003013fd8]
Event: 0.567 Thread 0x000000001d825800  587       4       org.eclipse.jdt.launching.internal.org.objectweb.asm.MethodWriter::visitFieldInsn (258 bytes)
Event: 0.569 Thread 0x000000001d825800 nmethod 587 0x000000000300e390 code [0x000000000300e500, 0x000000000300ea58]
Event: 0.570 Thread 0x000000001d826000  605       3       java.net.URL::toString (5 bytes)
Event: 0.570 Thread 0x000000001d826000 nmethod 605 0x000000000300dd90 code [0x000000000300df00, 0x000000000300e208]
Event: 0.570 Thread 0x000000001d824800 nmethod 580 0x0000000003019e90 code [0x000000000301a120, 0x000000000301c288]
Event: 0.572 Thread 0x000000001d826000  606       3       java.util.WeakHashMap::put (162 bytes)
Event: 0.573 Thread 0x000000001d826000 nmethod 606 0x0000000003010990 code [0x0000000003010bc0, 0x0000000003011a98]
Event: 0.573 Thread 0x000000001d826000  609       3       java.net.URLStreamHandler::toExternalForm (219 bytes)
Event: 0.575 Thread 0x000000001d826000 nmethod 609 0x00000000030150d0 code [0x0000000003015480, 0x0000000003018b68]
Event: 0.575 Thread 0x000000001d826000  610   !   3       sun.misc.URLClassPath$JarLoader::ensureOpen (36 bytes)
Event: 0.575 Thread 0x000000001d826000 nmethod 610 0x00000000030101d0 code [0x0000000003010360, 0x00000000030107c8]
Event: 0.575 Thread 0x000000001d826000  607       3       java.util.WeakHashMap$Entry::<init> (24 bytes)
Event: 0.575 Thread 0x000000001d826000 nmethod 607 0x0000000003014a90 code [0x0000000003014c00, 0x0000000003014f50]
Event: 0.575 Thread 0x000000001d826000  608       3       java.lang.Thread::interrupted (8 bytes)
Event: 0.576 Thread 0x000000001d826000 nmethod 608 0x000000000300fe10 code [0x000000000300ff80, 0x0000000003010108]
Event: 0.576 Thread 0x000000001d825800  611       4       org.eclipse.jdt.launching.internal.org.objectweb.asm.Label::put (83 bytes)
Event: 0.576 Thread 0x000000001d824800  612       4       org.eclipse.jdt.launching.internal.org.objectweb.asm.Label::addForwardReference (102 bytes)
Event: 0.577 Thread 0x000000001d826000  614       3       java.security.CodeSource::hashCode (17 bytes)
Event: 0.577 Thread 0x000000001d826000 nmethod 614 0x000000000301dd50 code [0x000000000301dee0, 0x000000000301e488]
Event: 0.577 Thread 0x000000001d826000  615  s    3       java.net.URL::hashCode (30 bytes)
Event: 0.577 Thread 0x000000001d826000 nmethod 615 0x000000000300f790 code [0x000000000300f900, 0x000000000300fd28]
Event: 0.577 Thread 0x000000001d826000  616       3       sun.misc.Resource::<init> (5 bytes)
Event: 0.577 Thread 0x000000001d826000 nmethod 616 0x000000000301e650 code [0x000000000301e7a0, 0x000000000301e950]
Event: 0.578 Thread 0x000000001d826000  617       3       sun.net.www.protocol.jar.Handler::parseURL (201 bytes)
Event: 0.579 Thread 0x000000001d826000 nmethod 617 0x000000000301ea10 code [0x000000000301ecc0, 0x00000000030201c8]
Event: 0.579 Thread 0x000000001d826000  618       3       sun.net.www.protocol.jar.Handler::parseContextSpec (154 bytes)
Event: 0.579 Thread 0x000000001d826000 nmethod 618 0x0000000003023c90 code [0x0000000003024080, 0x00000000030267e8]
Event: 0.579 Thread 0x000000001d824800 nmethod 612 0x0000000003027b90 code [0x0000000003027ce0, 0x00000000030280b8]
Event: 0.579 Thread 0x000000001d826000  621  s!   3       java.net.URLStreamHandler::getHostAddress (54 bytes)
Event: 0.580 Thread 0x000000001d824800  613       4       org.eclipse.jdt.launching.internal.org.objectweb.asm.MethodWriter::visitJumpInsn (495 bytes)
Event: 0.580 Thread 0x000000001d826000 nmethod 621 0x0000000003023290 code [0x0000000003023420, 0x0000000003023af8]
Event: 0.580 Thread 0x000000001d826000  619       3       sun.net.www.protocol.jar.Handler::indexOfBangSlash (52 bytes)
Event: 0.580 Thread 0x000000001d826000 nmethod 619 0x0000000003022750 code [0x0000000003022900, 0x0000000003023018]
Event: 0.580 Thread 0x000000001d826000  620       3       sun.misc.URLClassPath$JarLoader$2::getCodeSourceURL (8 bytes)
Event: 0.580 Thread 0x000000001d826000 nmethod 620 0x00000000030223d0 code [0x0000000003022520, 0x0000000003022690]
Event: 0.581 Thread 0x000000001d826000  623       3       java.lang.invoke.MemberName::checkForTypeAlias (168 bytes)
Event: 0.582 Thread 0x000000001d826000 nmethod 623 0x0000000003028290 code [0x0000000003028680, 0x000000000302ad98]
Event: 0.582 Thread 0x000000001d826000  625       3       java.lang.invoke.MemberName::getInvocationType (56 bytes)
Event: 0.583 Thread 0x000000001d826000 nmethod 625 0x0000000003021250 code [0x0000000003021440, 0x0000000003022088]
Event: 0.583 Thread 0x000000001d826000  626       3       java.lang.invoke.LambdaForm::parameter (52 bytes)
Event: 0.583 Thread 0x000000001d826000 nmethod 626 0x0000000003020e90 code [0x0000000003020fe0, 0x0000000003021170]
Event: 0.583 Thread 0x000000001d826000  624       3       java.lang.invoke.MemberName::access$200 (6 bytes)
Event: 0.583 Thread 0x000000001d826000 nmethod 624 0x000000000302bd90 code [0x000000000302bf00, 0x000000000302c088]
Event: 0.583 Thread 0x000000001d826000  628       3       java.lang.invoke.LambdaForm::parameterType (9 bytes)
Event: 0.583 Thread 0x000000001d826000 nmethod 628 0x000000000302c150 code [0x000000000302c2c0, 0x000000000302c488]
Event: 0.583 Thread 0x000000001d826000  629       3       java.lang.invoke.MemberName::isMethod (7 bytes)
Event: 0.583 Thread 0x000000001d826000 nmethod 629 0x000000000302c550 code [0x000000000302c6c0, 0x000000000302c930]
Event: 0.583 Thread 0x000000001d826000  630       3       jdk.internal.org.objectweb.asm.MethodWriter::visitLabel (281 bytes)
Event: 0.584 Thread 0x000000001d826000 nmethod 630 0x000000000302ca10 code [0x000000000302cbc0, 0x000000000302d3e8]
Event: 0.584 Thread 0x000000001d826000  631       3       java.lang.invoke.MethodHandles$Lookup::lookupClassOrNull (17 bytes)
Event: 0.584 Thread 0x000000001d826000 nmethod 631 0x000000000302d650 code [0x000000000302d7a0, 0x000000000302d950]
Event: 0.584 Thread 0x000000001d826000  632       3       java.lang.String::toString (2 bytes)
Event: 0.584 Thread 0x000000001d826000 nmethod 632 0x000000000302d9d0 code [0x000000000302db20, 0x000000000302dc70]
Event: 0.584 Thread 0x000000001d826000  635       1       java.lang.invoke.MethodType::parameterType (7 bytes)
Event: 0.584 Thread 0x000000001d826000 nmethod 635 0x000000000302dcd0 code [0x000000000302de20, 0x000000000302df50]
Event: 0.585 Thread 0x000000001d826000  636       3       org.eclipse.jdt.launching.internal.org.objectweb.asm.SymbolTable::hash (14 bytes)
Event: 0.585 Thread 0x000000001d826000 nmethod 636 0x000000000302e010 code [0x000000000302e160, 0x000000000302e2b0]
Event: 0.585 Thread 0x000000001d826000  637       3       org.eclipse.jdt.launching.internal.org.objectweb.asm.SymbolTable::addConstantLongOrDouble (109 bytes)
Event: 0.585 Thread 0x000000001d826000 nmethod 637 0x000000000302e350 code [0x000000000302e520, 0x000000000302eb58]
Event: 0.585 Thread 0x000000001d826000  638   !   3       sun.misc.URLClassPath$JarLoader::checkResource (55 bytes)
Event: 0.586 Thread 0x000000001d826000 nmethod 638 0x000000000302ef50 code [0x000000000302f100, 0x000000000302f788]
Event: 0.586 Thread 0x000000001d826000  639       3       sun.net.util.IPAddressUtil::scan (92 bytes)
Event: 0.586 Thread 0x000000001d826000 nmethod 639 0x000000000302fb10 code [0x000000000302fd00, 0x0000000003030568]
Event: 0.587 Thread 0x000000001d826000  640       3       java.lang.ClassLoader::loadClass (7 bytes)
Event: 0.587 Thread 0x000000001d826000 nmethod 640 0x0000000003034710 code [0x0000000003034880, 0x0000000003034aa8]
Event: 0.587 Thread 0x000000001d826000  641   !   3       java.lang.ref.Finalizer::add (41 bytes)
Event: 0.587 Thread 0x000000001d826000 nmethod 641 0x0000000003034b50 code [0x0000000003034cc0, 0x0000000003035090]
Event: 0.587 Thread 0x000000001d826000  642   !   3       java.util.WeakHashMap::expungeStaleEntries (139 bytes)
Event: 0.587 Thread 0x000000001d825800 nmethod 611 0x00000000030351d0 code [0x00000000030353a0, 0x0000000003036368]
Event: 0.587 Thread 0x000000001d825800  634       4       java.util.concurrent.ConcurrentHashMap::tabAt (21 bytes)
Event: 0.587 Thread 0x000000001d826000 nmethod 642 0x0000000003031dd0 code [0x0000000003031fc0, 0x0000000003032b68]
Event: 0.588 Thread 0x000000001d825800 nmethod 634 0x0000000003031bd0 code [0x0000000003031d00, 0x0000000003031d58]
Event: 0.588 Thread 0x000000001d825800  622       4       org.eclipse.jdt.launching.internal.org.objectweb.asm.ClassReader::readVerificationTypeInfo (184 bytes)
Event: 0.588 Thread 0x000000001d824800 nmethod 613 0x000000000303a550 code [0x000000000303a700, 0x000000000303b508]
Event: 0.588 Thread 0x000000001d824800  643       4       org.eclipse.jdt.launching.internal.org.objectweb.asm.MethodWriter::putFrameType (83 bytes)
Event: 0.591 Thread 0x000000001d826000  644       3       org.eclipse.jdt.launching.internal.org.objectweb.asm.Handle::hashCode (43 bytes)
Event: 0.591 Thread 0x000000001d826000 nmethod 644 0x00000000030314d0 code [0x0000000003031660, 0x0000000003031a88]
Event: 0.593 Thread 0x000000001d824800 nmethod 643 0x0000000003037490 code [0x0000000003037660, 0x0000000003037e70]
Event: 0.593 Thread 0x000000001d824800  633       4       java.util.concurrent.ConcurrentHashMap::casTabAt (20 bytes)
Event: 0.593 Thread 0x000000001d824800 nmethod 633 0x0000000003037290 code [0x00000000030373c0, 0x0000000003037438]
Event: 0.595 Thread 0x000000001d824800  646       4       org.eclipse.jdt.launching.internal.org.objectweb.asm.ClassReader::readStackMapFrame (535 bytes)
Event: 0.598 Thread 0x000000001d826000  647       1       org.eclipse.jdt.launching.internal.org.objectweb.asm.FieldWriter::visitEnd (1 bytes)
Event: 0.598 Thread 0x000000001d826000 nmethod 647 0x0000000003030e50 code [0x0000000003030fa0, 0x00000000030310b0]
Event: 0.600 Thread 0x000000001d826000  651       3       jdk.internal.org.objectweb.asm.Frame::pop (53 bytes)
Event: 0.600 Thread 0x000000001d826000 nmethod 651 0x0000000003039bd0 code [0x0000000003039da0, 0x000000000303a2c8]
Event: 0.600 Thread 0x000000001d826000  652       3       jdk.internal.org.objectweb.asm.Frame::pop (45 bytes)
Event: 0.600 Thread 0x000000001d826000 nmethod 652 0x0000000003039810 code [0x0000000003039960, 0x0000000003039b30]
Event: 0.600 Thread 0x000000001d826000  653       3       java.lang.invoke.MethodType::checkRtype (6 bytes)
Event: 0.601 Thread 0x000000001d825800 nmethod 622 0x000000000303ed90 code [0x000000000303efa0, 0x0000000003040488]
Event: 0.601 Thread 0x000000001d826000 nmethod 653 0x00000000030392d0 code [0x0000000003039440, 0x00000000030396c8]
Event: 0.601 Thread 0x000000001d825800  648       4       org.eclipse.jdt.launching.internal.org.objectweb.asm.MethodWriter::visitFrame (787 bytes)
Event: 0.604 Thread 0x000000001d826000  656       1       java.lang.invoke.InnerClassLambdaMetafactory::access$300 (5 bytes)
Event: 0.604 Thread 0x000000001d826000 nmethod 656 0x0000000003038c50 code [0x0000000003038da0, 0x0000000003038e90]
Event: 0.604 Thread 0x000000001d826000  657       3       org.eclipse.jdt.launching.internal.org.objectweb.asm.ClassReader::<init> (8 bytes)
Event: 0.604 Thread 0x000000001d826000 nmethod 657 0x0000000003038890 code [0x0000000003038a00, 0x0000000003038ba8]
Event: 0.604 Thread 0x000000001d826000  658       3       org.eclipse.jdt.launching.internal.org.objectweb.asm.ClassWriter::<init> (7 bytes)
Event: 0.604 Thread 0x000000001d826000 nmethod 658 0x0000000003034350 code [0x00000000030344c0, 0x0000000003034668]
Event: 0.604 Thread 0x000000001d826000  659       3       org.eclipse.jdt.launching.internal.org.objectweb.asm.ClassWriter::<init> (68 bytes)
Event: 0.604 Thread 0x000000001d826000 nmethod 659 0x0000000003033b90 code [0x0000000003033d20, 0x00000000030341a8]
Event: 0.606 Thread 0x000000001d826000  660       3       sun.misc.PerfCounter::addElapsedTimeFrom (10 bytes)
Event: 0.606 Thread 0x000000001d826000 nmethod 660 0x000000000303e0d0 code [0x000000000303e280, 0x000000000303e9d8]
Event: 0.607 Thread 0x000000001d826000  663       3       org.eclipse.jdt.launching.internal.org.objectweb.asm.SymbolTable::putBootstrapMethods (56 bytes)
Event: 0.607 Thread 0x000000001d826000 nmethod 663 0x0000000003033450 code [0x0000000003033600, 0x00000000030339a8]
Event: 0.609 Thread 0x000000001d826000  664       3       java.nio.charset.CharsetDecoder::reset (11 bytes)
Event: 0.609 Thread 0x000000001d826000 nmethod 664 0x000000000303dc90 code [0x000000000303de00, 0x000000000303e028]
Event: 0.609 Thread 0x000000001d826000  665       3       java.nio.charset.CharsetDecoder::implReset (1 bytes)
Event: 0.609 Thread 0x000000001d826000 nmethod 665 0x000000000303d990 code [0x000000000303dae0, 0x000000000303dc30]
Event: 0.609 Thread 0x000000001d826000  666       3       java.util.jar.JarFile::getEntry (22 bytes)
Event: 0.610 Thread 0x000000001d826000 nmethod 666 0x000000000303d310 code [0x000000000303d4a0, 0x000000000303d818]
Event: 0.610 Thread 0x000000001d826000  667   !   3       java.util.zip.ZipFile::getEntry (101 bytes)
Event: 0.610 Thread 0x000000001d826000 nmethod 667 0x000000000303c710 code [0x000000000303c8e0, 0x000000000303cfd8]
Event: 0.610 Thread 0x000000001d826000  668       3       java.lang.Package::isSealed (13 bytes)
Event: 0.610 Thread 0x000000001d826000 nmethod 668 0x000000000303c390 code [0x000000000303c4e0, 0x000000000303c690]
Event: 0.614 Thread 0x000000001d826000  671       3       sun.net.util.IPAddressUtil::checkHostString (53 bytes)
Event: 0.615 Thread 0x000000001d826000 nmethod 671 0x0000000003041b50 code [0x0000000003041d60, 0x00000000030427d8]
Event: 0.615 Thread 0x000000001d826000  672   !   3       java.net.URL::set (114 bytes)
Event: 0.615 Thread 0x000000001d826000 nmethod 672 0x0000000003042c90 code [0x0000000003042e80, 0x0000000003043ad8]
Event: 0.620 Thread 0x000000001d826000  673   !   3       java.net.URLClassLoader$1::run (63 bytes)
Event: 0.620 Thread 0x000000001d826000 nmethod 673 0x0000000003044150 code [0x0000000003044320, 0x0000000003044888]
Event: 0.620 Thread 0x000000001d826000  674       3       java.util.jar.JarFile::getManifestFromReference (117 bytes)
Event: 0.621 Thread 0x000000001d826000 nmethod 674 0x0000000003044b90 code [0x0000000003044dc0, 0x0000000003045ab8]
Event: 0.621 Thread 0x000000001d826000  675       3       org.eclipse.jdt.launching.internal.org.objectweb.asm.AnnotationWriter::visitEnd (44 bytes)
Event: 0.621 Thread 0x000000001d826000 nmethod 675 0x0000000003046090 code [0x0000000003046200, 0x00000000030463f0]
Event: 0.624 Thread 0x000000001d826000  677       3       java.lang.invoke.MethodHandleNatives::refKindIsField (32 bytes)
Event: 0.624 Thread 0x000000001d826000 nmethod 677 0x0000000003046890 code [0x00000000030469e0, 0x0000000003046b90]
Event: 0.624 Thread 0x000000001d826000  678       3       java.lang.invoke.DirectMethodHandle::internalMemberName (8 bytes)
Event: 0.624 Thread 0x000000001d826000 nmethod 678 0x0000000003046c10 code [0x0000000003046d80, 0x0000000003046fb0]
Event: 0.624 Thread 0x000000001d826000  679       3       java.lang.invoke.MethodTypeForm::cachedLambdaForm (44 bytes)
Event: 0.625 Thread 0x000000001d826000 nmethod 679 0x0000000003047050 code [0x00000000030471c0, 0x0000000003047610]
Event: 0.625 Thread 0x000000001d826000  680       3       java.lang.invoke.MethodType::basicType (8 bytes)
Event: 0.625 Thread 0x000000001d826000 nmethod 680 0x0000000003047750 code [0x00000000030478a0, 0x0000000003047a90]
Event: 0.625 Thread 0x000000001d826000  681       3       org.eclipse.jdt.launching.internal.org.objectweb.asm.MethodWriter::visitTryCatchBlock (67 bytes)
Event: 0.625 Thread 0x000000001d826000 nmethod 681 0x0000000003047b50 code [0x0000000003047ce0, 0x0000000003048288]
Event: 0.625 Thread 0x000000001d826000  682       3       org.eclipse.jdt.launching.internal.org.objectweb.asm.Handler::<init> (32 bytes)
Event: 0.625 Thread 0x000000001d826000 nmethod 682 0x0000000003048510 code [0x0000000003048660, 0x0000000003048870]
Event: 0.626 Thread 0x000000001d826000  683       3       org.eclipse.jdt.launching.internal.weaving.ClassfileTransformer::transform (46 bytes)
Event: 0.626 Thread 0x000000001d826000 nmethod 683 0x0000000003048950 code [0x0000000003048b20, 0x0000000003049168]
Event: 0.627 Thread 0x000000001d826000  684       3       java.util.Objects::requireNonNull (15 bytes)
Event: 0.627 Thread 0x000000001d826000 nmethod 684 0x0000000003049510 code [0x0000000003049680, 0x00000000030498c8]
Event: 0.627 Thread 0x000000001d826000  685       3       java.util.zip.ZipEntry::<init> (43 bytes)
Event: 0.628 Thread 0x000000001d826000 nmethod 685 0x00000000030499d0 code [0x0000000003049b20, 0x0000000003049d30]
Event: 0.629 Thread 0x000000001d826000  687       3       java.util.zip.ZipCoder::toString (190 bytes)
Event: 0.630 Thread 0x000000001d826000 nmethod 687 0x000000000304a150 code [0x000000000304a500, 0x000000000304c528]
Event: 0.630 Thread 0x000000001d826000  688       3       java.util.zip.ZipCoder::decoder (35 bytes)
Event: 0.631 Thread 0x000000001d826000 nmethod 688 0x000000000304d910 code [0x000000000304daa0, 0x000000000304e128]
Event: 0.632 Thread 0x000000001d826000  691       3       java.util.zip.ZipEntry::setExtra0 (360 bytes)
Event: 0.633 Thread 0x000000001d826000 nmethod 691 0x000000000304ea10 code [0x000000000304ecc0, 0x000000000304fa48]
Event: 0.633 Thread 0x000000001d826000  692       3       java.util.zip.ZipFile$ZipFileInputStream::<init> (41 bytes)
Event: 0.633 Thread 0x000000001d826000 nmethod 692 0x0000000003050090 code [0x0000000003050220, 0x00000000030505b8]
Event: 0.633 Thread 0x000000001d826000  693       3       java.util.zip.ZipFile::access$1100 (5 bytes)
Event: 0.633 Thread 0x000000001d826000 nmethod 693 0x00000000030507d0 code [0x0000000003050940, 0x0000000003050aa8]
Event: 0.633 Thread 0x000000001d826000  694       3       java.util.zip.ZipFile::access$1200 (5 bytes)
Event: 0.633 Thread 0x000000001d826000 nmethod 694 0x0000000003050b50 code [0x0000000003050cc0, 0x0000000003050e28]
Event: 0.635 Thread 0x000000001d826000  695  s    3       java.util.jar.JarFile::getInputStream (89 bytes)
Event: 0.635 Thread 0x000000001d826000 nmethod 695 0x0000000003050ed0 code [0x00000000030510e0, 0x0000000003051cb8]
Event: 0.635 Thread 0x000000001d826000  697       3       sun.net.www.ParseUtil::canonizeString (195 bytes)
Event: 0.636 Thread 0x000000001d826000 nmethod 697 0x0000000003051fd0 code [0x0000000003052380, 0x00000000030548e8]
Event: 0.636 Thread 0x000000001d826000  696       3       java.lang.ClassLoader::addClass (9 bytes)
Event: 0.636 Thread 0x000000001d826000 nmethod 696 0x00000000030559d0 code [0x0000000003055b40, 0x0000000003055d68]
Event: 0.636 Thread 0x000000001d826000  699       3       java.util.jar.JarFile::getManifest (5 bytes)
Event: 0.637 Thread 0x000000001d826000 nmethod 699 0x0000000003055e50 code [0x0000000003055fc0, 0x0000000003056148]
Event: 0.637 Thread 0x000000001d826000  701       3       java.lang.ClassLoader::postDefineClass (26 bytes)
Event: 0.637 Thread 0x000000001d826000 nmethod 701 0x00000000030561d0 code [0x0000000003056360, 0x00000000030568d8]
Event: 0.637 Thread 0x000000001d826000  702       3       sun.misc.URLClassPath$JarLoader$2::getManifest (26 bytes)
Event: 0.637 Thread 0x000000001d826000 nmethod 702 0x0000000003056a90 code [0x0000000003056c40, 0x0000000003057188]
Event: 0.637 Thread 0x000000001d826000  703  s!   3       java.util.jar.JarFile::ensureInitialization (41 bytes)
Event: 0.637 Thread 0x000000001d826000 nmethod 703 0x00000000030573d0 code [0x0000000003057560, 0x0000000003057a08]
Event: 0.637 Thread 0x000000001d826000  698       3       java.net.URLStreamHandler::setURL (159 bytes)
Event: 0.638 Thread 0x000000001d826000 nmethod 698 0x0000000003057b90 code [0x0000000003057e00, 0x00000000030591c8]
Event: 0.638 Thread 0x000000001d826000  700   !   3       java.net.URLClassLoader::definePackageInternal (81 bytes)
Event: 0.639 Thread 0x000000001d826000 nmethod 700 0x0000000003059a90 code [0x0000000003059cc0, 0x000000000305a858]
Event: 0.639 Thread 0x000000001d826000  704       3       java.security.CodeSource::equals (60 bytes)
Event: 0.639 Thread 0x000000001d826000 nmethod 704 0x000000000305add0 code [0x000000000305af80, 0x000000000305b778]
Event: 0.639 Thread 0x000000001d826000  705       3       java.net.URL::equals (24 bytes)
Event: 0.640 Thread 0x000000001d826000 nmethod 705 0x000000000305b950 code [0x000000000305bac0, 0x000000000305bf28]
Event: 0.640 Thread 0x000000001d826000  706       3       java.net.URLStreamHandler::equals (45 bytes)
Event: 0.640 Thread 0x000000001d826000 nmethod 706 0x000000000305c010 code [0x000000000305c1a0, 0x000000000305c6f8]
Event: 0.640 Thread 0x000000001d826000  707       3       org.eclipse.jdt.launching.internal.org.objectweb.asm.Type::getDescriptor (93 bytes)
Event: 0.641 Thread 0x000000001d826000 nmethod 707 0x000000000305c850 code [0x000000000305cae0, 0x000000000305de28]
Event: 0.646 Thread 0x000000001d826000  708       3       java.util.Properties::getProperty (46 bytes)
Event: 0.646 Thread 0x000000001d826000 nmethod 708 0x000000000305ed10 code [0x000000000305eea0, 0x000000000305f3d8]
Event: 0.647 Thread 0x000000001d826000  709       3       java.util.HashMap::<init> (11 bytes)
Event: 0.647 Thread 0x000000001d826000 nmethod 709 0x000000000305f510 code [0x000000000305f680, 0x000000000305f890]
Event: 0.654 Thread 0x000000001d826000  710       3       java.util.Arrays::fill (28 bytes)
Event: 0.654 Thread 0x000000001d826000 nmethod 710 0x000000000305fbd0 code [0x000000000305fd40, 0x000000000305ffa8]
Event: 0.654 Thread 0x000000001d826000  711       3       java.util.Arrays::rangeCheck (74 bytes)
Event: 0.655 Thread 0x000000001d826000 nmethod 711 0x0000000003060110 code [0x0000000003060380, 0x00000000030610c8]
Event: 0.661 Thread 0x000000001d826000  713       3       org.eclipse.jdt.launching.internal.org.objectweb.asm.ClassWriter::visit (160 bytes)
Event: 0.661 Thread 0x000000001d826000 nmethod 713 0x0000000003061750 code [0x0000000003061940, 0x00000000030623f8]
Event: 0.661 Thread 0x000000001d826000  712       3       org.eclipse.jdt.launching.internal.org.objectweb.asm.ClassVisitor::visit (24 bytes)
Event: 0.662 Thread 0x000000001d826000 nmethod 712 0x0000000003062a10 code [0x0000000003062b80, 0x0000000003062e28]
Event: 0.662 Thread 0x000000001d826000  714       3       org.eclipse.jdt.launching.internal.org.objectweb.asm.SymbolTable::setMajorVersionAndClassName (19 bytes)
Event: 0.662 Thread 0x000000001d826000 nmethod 714 0x0000000003062f10 code [0x0000000003063080, 0x0000000003063328]
Event: 0.662 Thread 0x000000001d826000  715       3       org.eclipse.jdt.launching.internal.weaving.ClassfileTransformer$1::visitSource (125 bytes)
Event: 0.662 Thread 0x000000001d826000 nmethod 715 0x0000000003063450 code [0x0000000003063740, 0x0000000003064d98]
Event: 0.662 Thread 0x000000001d826000  716       3       org.eclipse.jdt.launching.internal.org.objectweb.asm.ClassVisitor::visitSource (17 bytes)
Event: 0.663 Thread 0x000000001d826000 nmethod 716 0x0000000003065710 code [0x0000000003065880, 0x0000000003065b08]
Event: 0.663 Thread 0x000000001d826000  717       3       org.eclipse.jdt.launching.internal.org.objectweb.asm.ClassWriter::visitSource (39 bytes)
Event: 0.663 Thread 0x000000001d826000 nmethod 717 0x0000000003065bd0 code [0x0000000003065d60, 0x0000000003066298]
Event: 0.663 Thread 0x000000001d826000  718   !   3       sun.misc.Resource::getBytes (242 bytes)
Event: 0.664 Thread 0x000000001d826000 nmethod 718 0x0000000003066450 code [0x0000000003066760, 0x0000000003068288]
Event: 0.665 Thread 0x000000001d826000  719       3       org.eclipse.jdt.launching.internal.org.objectweb.asm.AnnotationWriter::computeAnnotationsSize (42 bytes)
Event: 0.665 Thread 0x000000001d826000 nmethod 719 0x0000000003069050 code [0x00000000030691c0, 0x0000000003069508]
Event: 0.673 Thread 0x000000001d826000  721       3       java.util.zip.ZipEntry::<init> (146 bytes)
Event: 0.674 Thread 0x000000001d826000 nmethod 721 0x0000000003069690 code [0x0000000003069820, 0x0000000003069c88]
Event: 0.674 Thread 0x000000001d826000  722       3       java.util.zip.ZipFile::getZipEntry (251 bytes)
Event: 0.674 Thread 0x000000001d826000 nmethod 722 0x0000000003069e50 code [0x000000000306a0a0, 0x000000000306acc8]
Event: 0.676 Thread 0x000000001d826000  723       3       java.net.URLClassLoader::isSealed (70 bytes)
Event: 0.677 Thread 0x000000001d826000 nmethod 723 0x000000000306b150 code [0x000000000306b380, 0x000000000306c028]
Event: 0.677 Thread 0x000000001d826000  724       3       java.lang.ClassLoader::compareCerts (149 bytes)
Event: 0.677 Thread 0x000000001d826000 nmethod 724 0x000000000306c610 code [0x000000000306c7e0, 0x000000000306d098]
Event: 0.677 Thread 0x000000001d826000  725       3       org.eclipse.jdt.launching.internal.org.objectweb.asm.AnnotationWriter::create (34 bytes)
Event: 0.677 Thread 0x000000001d826000 nmethod 725 0x000000000306d390 code [0x000000000306d540, 0x000000000306da58]
Event: 0.677 Thread 0x000000001d826000  726       3       org.eclipse.jdt.launching.internal.org.objectweb.asm.AnnotationWriter::<init> (60 bytes)
Event: 0.678 Thread 0x000000001d826000 nmethod 726 0x000000000306dcd0 code [0x000000000306de40, 0x000000000306e188]
Event: 0.692 Thread 0x000000001d825800 nmethod 648 0x000000000307ab90 code [0x000000000307b080, 0x00000000030814b0]
Event: 0.692 Thread 0x000000001d825800  670       4       org.eclipse.jdt.launching.internal.org.objectweb.asm.SymbolTable::addConstantClass (8 bytes)
Event: 0.693 Thread 0x000000001d825800 nmethod 670 0x0000000003079190 code [0x00000000030792e0, 0x0000000003079368]
Event: 0.693 Thread 0x000000001d825800  649       4       org.eclipse.jdt.launching.internal.org.objectweb.asm.AnnotationWriter::putAnnotations (67 bytes)
Event: 0.694 Thread 0x000000001d825800 nmethod 649 0x000000000307a710 code [0x000000000307a860, 0x000000000307a9d8]
Event: 0.694 Thread 0x000000001d825800  661       4       org.eclipse.jdt.launching.internal.org.objectweb.asm.Attribute::computeAttributesSize (62 bytes)
Event: 0.694 Thread 0x000000001d825800 nmethod 661 0x000000000307a250 code [0x000000000307a3c0, 0x000000000307a538]
Event: 0.695 Thread 0x000000001d825800  662       4       org.eclipse.jdt.launching.internal.org.objectweb.asm.AnnotationWriter::computeAnnotationsSize (66 bytes)
Event: 0.696 Thread 0x000000001d825800 nmethod 662 0x0000000003079d10 code [0x0000000003079e60, 0x0000000003079fe8]
Event: 0.696 Thread 0x000000001d825800  720       4       org.eclipse.jdt.launching.internal.org.objectweb.asm.Attribute::putAttributes (78 bytes)
Event: 0.699 Thread 0x000000001d826000  728       3       java.net.URLClassLoader::defineClass (142 bytes)
Event: 0.701 Thread 0x000000001d826000 nmethod 728 0x0000000003075610 code [0x00000000030759a0, 0x0000000003077d58]
Event: 0.701 Thread 0x000000001d826000  729   !   3       java.util.zip.ZipFile::getInputStream (304 bytes)
Event: 0.702 Thread 0x000000001d825800 nmethod 720 0x0000000003086190 code [0x0000000003086360, 0x0000000003087000]
Event: 0.702 Thread 0x000000001d825800  730       4       org.eclipse.jdt.launching.internal.org.objectweb.asm.ClassReader::readMethod (1052 bytes)
Event: 0.702 Thread 0x000000001d826000 nmethod 729 0x0000000003073290 code [0x0000000003073540, 0x0000000003074998]

GC Heap History (0 events):
No events

Deoptimization events (3 events):
Event: 0.432 Thread 0x0000000002c58000 Uncommon trap: reason=unstable_if action=reinterpret pc=0x0000000002e8e838 method=org.eclipse.jdt.launching.internal.org.objectweb.asm.ClassReader.readUtf(II[C)Ljava/lang/String; @ 41
Event: 0.432 Thread 0x0000000002c58000 Uncommon trap: reason=unstable_if action=reinterpret pc=0x0000000002f38d58 method=org.eclipse.jdt.launching.internal.org.objectweb.asm.ByteVector.putUTF8(Ljava/lang/String;)Lorg/eclipse/jdt/launching/internal/org/objectweb/asm/ByteVector; @ 100
Event: 0.432 Thread 0x0000000002c58000 Uncommon trap: reason=unstable_if action=reinterpret pc=0x0000000002e911ec method=org.eclipse.jdt.launching.internal.org.objectweb.asm.ByteVector.putUTF8(Ljava/lang/String;)Lorg/eclipse/jdt/launching/internal/org/objectweb/asm/ByteVector; @ 100

Classes redefined (0 events):
No events

Internal exceptions (11 events):
Event: 0.029 Thread 0x0000000002c58000 Exception <a 'java/lang/NoSuchMethodError': Method sun.misc.Unsafe.defineClass(Ljava/lang/String;[BII)Ljava/lang/Class; name or signature does not match> (0x000000076b407cb8) thrown at [D:\a\1\s\lookaside\java-1.8.0-openjdk\hotspot\src\share\vm\prims\jni.
Event: 0.029 Thread 0x0000000002c58000 Exception <a 'java/lang/NoSuchMethodError': Method sun.misc.Unsafe.prefetchRead(Ljava/lang/Object;J)V name or signature does not match> (0x000000076b407fa0) thrown at [D:\a\1\s\lookaside\java-1.8.0-openjdk\hotspot\src\share\vm\prims\jni.cpp, line 4014]
Event: 0.286 Thread 0x0000000002c58000 Exception <a 'java/lang/NoSuchFieldError': method resolution failed> (0x000000076bda8508) thrown at [D:\a\1\s\lookaside\java-1.8.0-openjdk\hotspot\src\share\vm\prims\methodHandles.cpp, line 1167]
Event: 0.290 Thread 0x0000000002c58000 Exception <a 'java/lang/NoSuchFieldError': method resolution failed> (0x000000076bdb60f8) thrown at [D:\a\1\s\lookaside\java-1.8.0-openjdk\hotspot\src\share\vm\prims\methodHandles.cpp, line 1167]
Event: 0.305 Thread 0x0000000002c58000 Exception <a 'java/security/PrivilegedActionException'> (0x000000076be57970) thrown at [D:\a\1\s\lookaside\java-1.8.0-openjdk\hotspot\src\share\vm\prims\jvm.cpp, line 1512]
Event: 0.305 Thread 0x0000000002c58000 Exception <a 'java/security/PrivilegedActionException'> (0x000000076be57b80) thrown at [D:\a\1\s\lookaside\java-1.8.0-openjdk\hotspot\src\share\vm\prims\jvm.cpp, line 1512]
Event: 0.305 Thread 0x0000000002c58000 Exception <a 'java/security/PrivilegedActionException'> (0x000000076be5bcb8) thrown at [D:\a\1\s\lookaside\java-1.8.0-openjdk\hotspot\src\share\vm\prims\jvm.cpp, line 1512]
Event: 0.305 Thread 0x0000000002c58000 Exception <a 'java/security/PrivilegedActionException'> (0x000000076be5bec8) thrown at [D:\a\1\s\lookaside\java-1.8.0-openjdk\hotspot\src\share\vm\prims\jvm.cpp, line 1512]
Event: 0.306 Thread 0x0000000002c58000 Exception <a 'java/security/PrivilegedActionException'> (0x000000076be5d588) thrown at [D:\a\1\s\lookaside\java-1.8.0-openjdk\hotspot\src\share\vm\prims\jvm.cpp, line 1512]
Event: 0.306 Thread 0x0000000002c58000 Exception <a 'java/security/PrivilegedActionException'> (0x000000076be5d798) thrown at [D:\a\1\s\lookaside\java-1.8.0-openjdk\hotspot\src\share\vm\prims\jvm.cpp, line 1512]
Event: 0.306 Thread 0x0000000002c58000 Exception <a 'java/lang/NullPointerException'> (0x000000076be5e1f8) thrown at [D:\a\1\s\lookaside\java-1.8.0-openjdk\hotspot\src\share\vm\interpreter\linkResolver.cpp, line 1185]

Events (250 events):
Event: 0.650 loading class com/sun/org/apache/xerces/internal/util/NamespaceContextWrapper
Event: 0.651 loading class javax/xml/namespace/NamespaceContext
Event: 0.651 loading class javax/xml/namespace/NamespaceContext done
Event: 0.651 loading class com/sun/org/apache/xerces/internal/util/NamespaceContextWrapper done
Event: 0.651 loading class com/sun/org/apache/xerces/internal/impl/XMLEntityManager
Event: 0.651 loading class com/sun/org/apache/xerces/internal/xni/parser/XMLEntityResolver
Event: 0.651 loading class com/sun/org/apache/xerces/internal/xni/parser/XMLEntityResolver done
Event: 0.651 loading class com/sun/org/apache/xerces/internal/impl/XMLEntityManager done
Event: 0.651 loading class com/sun/org/apache/xerces/internal/impl/XMLEntityManager$CharacterBufferPool
Event: 0.651 loading class com/sun/org/apache/xerces/internal/impl/XMLEntityManager$CharacterBufferPool done
Event: 0.652 loading class com/sun/org/apache/xerces/internal/impl/XMLEntityManager$CharacterBuffer
Event: 0.652 loading class com/sun/org/apache/xerces/internal/impl/XMLEntityManager$CharacterBuffer done
Event: 0.652 loading class com/sun/xml/internal/stream/XMLEntityStorage
Event: 0.652 loading class com/sun/xml/internal/stream/XMLEntityStorage done
Event: 0.652 loading class com/sun/org/apache/xerces/internal/impl/XMLEntityScanner
Event: 0.652 loading class com/sun/org/apache/xerces/internal/xni/XMLLocator
Event: 0.652 loading class com/sun/org/apache/xerces/internal/xni/XMLLocator done
Event: 0.652 loading class com/sun/org/apache/xerces/internal/impl/XMLEntityScanner done
Event: 0.652 loading class com/sun/org/apache/xerces/internal/impl/XMLEntityScanner$1
Event: 0.652 loading class java/io/EOFException
Event: 0.652 loading class java/io/EOFException done
Event: 0.652 loading class com/sun/org/apache/xerces/internal/impl/XMLEntityScanner$1 done
Event: 0.652 loading class com/sun/xml/internal/stream/StaxErrorReporter
Event: 0.652 loading class com/sun/org/apache/xerces/internal/impl/XMLErrorReporter
Event: 0.653 loading class com/sun/org/apache/xerces/internal/impl/XMLErrorReporter done
Event: 0.653 loading class com/sun/xml/internal/stream/StaxErrorReporter done
Event: 0.653 loading class com/sun/org/apache/xerces/internal/impl/msg/XMLMessageFormatter
Event: 0.653 loading class com/sun/org/apache/xerces/internal/util/MessageFormatter
Event: 0.653 loading class com/sun/org/apache/xerces/internal/util/MessageFormatter done
Event: 0.653 loading class com/sun/org/apache/xerces/internal/impl/msg/XMLMessageFormatter done
Event: 0.653 loading class com/sun/org/apache/xerces/internal/utils/XMLLimitAnalyzer
Event: 0.653 loading class com/sun/org/apache/xerces/internal/utils/XMLLimitAnalyzer done
Event: 0.653 loading class com/sun/org/apache/xerces/internal/util/XMLSymbols
Event: 0.653 loading class com/sun/org/apache/xerces/internal/util/XMLSymbols done
Event: 0.653 loading class com/sun/xml/internal/stream/Entity$ScannedEntity
Event: 0.653 loading class com/sun/xml/internal/stream/Entity
Event: 0.653 loading class com/sun/xml/internal/stream/Entity done
Event: 0.653 loading class com/sun/xml/internal/stream/Entity$ScannedEntity done
Event: 0.653 loading class com/sun/xml/internal/stream/util/ThreadLocalBufferAllocator
Event: 0.653 loading class com/sun/xml/internal/stream/util/ThreadLocalBufferAllocator done
Event: 0.653 loading class com/sun/xml/internal/stream/util/BufferAllocator
Event: 0.653 loading class com/sun/xml/internal/stream/util/BufferAllocator done
Event: 0.654 loading class com/sun/org/apache/xerces/internal/util/XMLChar
Event: 0.654 loading class com/sun/org/apache/xerces/internal/util/XMLChar done
Event: 0.654 loading class com/sun/org/apache/xerces/internal/impl/XMLScanner$NameType
Event: 0.655 loading class com/sun/org/apache/xerces/internal/impl/XMLScanner$NameType done
Event: 0.655 loading class javafx/scene/control/Button
Event: 0.655 loading class javafx/scene/control/Button done
Event: 0.655 loading class javafx/scene/control/ButtonBase
Event: 0.655 loading class javafx/scene/control/ButtonBase done
Event: 0.656 loading class javafx/scene/control/Labeled
Event: 0.656 loading class javafx/scene/control/Labeled done
Event: 0.656 loading class javafx/scene/control/Control
Event: 0.656 loading class javafx/scene/control/Control done
Event: 0.657 loading class javafx/scene/control/Skinnable
Event: 0.657 loading class javafx/scene/control/Skinnable done
Event: 0.657 loading class javafx/scene/control/Label
Event: 0.657 loading class javafx/scene/control/Label done
Event: 0.657 loading class javafx/scene/control/TextField
Event: 0.657 loading class javafx/scene/control/TextField done
Event: 0.658 loading class javafx/scene/control/TextInputControl
Event: 0.658 loading class javafx/scene/control/TextInputControl done
Event: 0.659 loading class javafx/scene/text/Font
Event: 0.659 loading class javafx/scene/text/Font done
Event: 0.660 loading class com/sun/javafx/fxml/PropertyNotFoundException
Event: 0.660 loading class com/sun/javafx/fxml/PropertyNotFoundException done
Event: 0.660 loading class javafx/beans/value/ChangeListener
Event: 0.660 loading class javafx/beans/value/ChangeListener done
Event: 0.660 loading class javafx/event/EventHandler
Event: 0.660 loading class javafx/event/EventHandler done
Event: 0.660 loading class java/util/EventListener
Event: 0.660 loading class java/util/EventListener done
Event: 0.660 loading class javafx/collections/SetChangeListener
Event: 0.660 loading class javafx/collections/SetChangeListener done
Event: 0.661 loading class javafx/collections/MapChangeListener
Event: 0.661 loading class javafx/collections/MapChangeListener done
Event: 0.661 loading class javafx/fxml/FXMLLoader$Attribute
Event: 0.661 loading class javafx/fxml/FXMLLoader$Attribute done
Event: 0.662 loading class layout/MainController
Event: 0.662 loading class layout/MainController done
Event: 0.662 Thread 0x00000000209e1000 DEOPT PACKING pc=0x000000000300a289 sp=0x000000002263d1b0
Event: 0.662 Thread 0x00000000209e1000 DEOPT UNPACKING pc=0x0000000002d5a0d0 sp=0x000000002263cf00 mode 1
Event: 0.662 Thread 0x00000000209e1000 DEOPT PACKING pc=0x0000000002e9cda4 sp=0x000000002263d230
Event: 0.662 Thread 0x00000000209e1000 DEOPT UNPACKING pc=0x0000000002d5a0d0 sp=0x000000002263d050 mode 1
Event: 0.662 Thread 0x00000000209e1000 DEOPT PACKING pc=0x0000000002e9cb3c sp=0x000000002263d3c0
Event: 0.662 Thread 0x00000000209e1000 DEOPT UNPACKING pc=0x0000000002d5a0d0 sp=0x000000002263d1f8 mode 1
Event: 0.662 loading class javafx/fxml/Initializable
Event: 0.662 loading class javafx/fxml/Initializable done
Event: 0.662 loading class java/lang/reflect/Proxy
Event: 0.662 loading class java/lang/reflect/Proxy done
Event: 0.663 loading class java/lang/reflect/InvocationHandler
Event: 0.663 loading class java/lang/reflect/InvocationHandler done
Event: 0.663 loading class java/lang/reflect/WeakCache
Event: 0.663 loading class java/lang/reflect/WeakCache done
Event: 0.663 loading class java/lang/reflect/Proxy$KeyFactory
Event: 0.663 loading class java/util/function/BiFunction
Event: 0.663 loading class java/util/function/BiFunction done
Event: 0.663 loading class java/lang/reflect/Proxy$KeyFactory done
Event: 0.663 loading class java/lang/reflect/Proxy$ProxyClassFactory
Event: 0.663 loading class java/lang/reflect/Proxy$ProxyClassFactory done
Event: 0.663 loading class javafx/scene/Scene
Event: 0.663 loading class javafx/scene/Scene done
Event: 0.667 loading class javafx/scene/image/Image
Event: 0.667 loading class javafx/scene/image/Image done
Event: 0.668 loading class javafx/scene/shape/TriangleMesh
Event: 0.668 loading class javafx/scene/shape/TriangleMesh done
Event: 0.668 loading class javafx/scene/shape/Mesh
Event: 0.668 loading class javafx/scene/shape/Mesh done
Event: 0.669 loading class sun/reflect/misc/ConstructorUtil
Event: 0.669 loading class sun/reflect/misc/ConstructorUtil done
Event: 0.669 loading class javafx/scene/Node$LazyBoundsProperty
Event: 0.669 loading class javafx/scene/Node$LazyBoundsProperty done
Event: 0.669 loading class javafx/scene/Node$12
Event: 0.669 loading class javafx/scene/Node$12 done
Event: 0.669 loading class com/sun/javafx/scene/NodeHelper$NodeAccessor
Event: 0.669 loading class com/sun/javafx/scene/NodeHelper$NodeAccessor done
Event: 0.670 loading class javafx/scene/Node$4
Event: 0.670 loading class javafx/scene/Node$4 done
Event: 0.670 loading class javafx/scene/Node$6
Event: 0.670 loading class javafx/scene/Node$6 done
Event: 0.670 loading class javafx/css/StyleableDoubleProperty
Event: 0.670 loading class javafx/css/StyleableDoubleProperty done
Event: 0.670 loading class javafx/css/StyleableProperty
Event: 0.670 loading class javafx/css/StyleableProperty done
Event: 0.670 loading class javafx/scene/Node$5
Event: 0.670 loading class javafx/scene/Node$5 done
Event: 0.671 loading class javafx/css/StyleableBooleanProperty
Event: 0.671 loading class javafx/css/StyleableBooleanProperty done
Event: 0.671 loading class javafx/scene/Node$2
Event: 0.671 loading class javafx/scene/Node$2 done
Event: 0.671 loading class com/sun/glass/ui/Accessible$EventHandler
Event: 0.671 loading class com/sun/glass/ui/Accessible$EventHandler done
Event: 0.671 loading class javafx/scene/Node$19
Event: 0.671 loading class javafx/scene/Node$19 done
Event: 0.671 loading class javafx/scene/SubScene
Event: 0.671 loading class javafx/scene/SubScene done
Event: 0.672 loading class javafx/scene/Node$10
Event: 0.672 loading class javafx/scene/Node$10 done
Event: 0.672 loading class javafx/scene/Node$9
Event: 0.672 loading class javafx/scene/Node$9 done
Event: 0.672 loading class javafx/scene/Node$11
Event: 0.672 loading class javafx/scene/Node$11 done
Event: 0.673 loading class javafx/scene/Node$EffectiveOrientationProperty
Event: 0.673 loading class javafx/scene/Node$EffectiveOrientationProperty done
Event: 0.673 loading class javafx/scene/Node$1
Event: 0.673 loading class javafx/scene/Node$1 done
Event: 0.674 loading class javafx/scene/Node$7
Event: 0.674 loading class javafx/scene/Node$7 done
Event: 0.674 loading class javafx/css/StyleableObjectProperty
Event: 0.674 loading class javafx/css/StyleableObjectProperty done
Event: 0.674 loading class javafx/scene/Node$8
Event: 0.674 loading class javafx/scene/Node$8 done
Event: 0.674 loading class com/sun/javafx/geom/BoxBounds
Event: 0.674 loading class com/sun/javafx/geom/BoxBounds done
Event: 0.675 loading class javafx/scene/Node$13
Event: 0.675 loading class javafx/scene/Node$13 done
Event: 0.675 loading class javafx/scene/Node$15
Event: 0.675 loading class javafx/scene/Node$15 done
Event: 0.676 loading class javafx/scene/Node$14
Event: 0.676 loading class javafx/scene/Node$14 done
Event: 0.676 loading class javafx/scene/Node$16
Event: 0.676 loading class javafx/scene/Node$16 done
Event: 0.676 loading class javafx/scene/Node$TreeVisiblePropertyReadOnly
Event: 0.676 loading class javafx/scene/Node$TreeVisiblePropertyReadOnly done
Event: 0.677 loading class javafx/scene/Node$17
Event: 0.677 loading class javafx/scene/Node$17 done
Event: 0.677 loading class javafx/scene/input/ContextMenuEvent
Event: 0.677 loading class javafx/scene/input/ContextMenuEvent done
Event: 0.677 loading class javafx/scene/input/InputEvent
Event: 0.677 loading class javafx/scene/input/InputEvent done
Event: 0.678 loading class javafx/scene/Node$FocusedProperty
Event: 0.678 loading class javafx/scene/Node$FocusedProperty done
Event: 0.679 loading class com/sun/javafx/sg/prism/NGNode
Event: 0.679 loading class com/sun/javafx/sg/prism/NGNode done
Event: 0.681 loading class com/sun/javafx/sg/prism/NGGroup
Event: 0.681 loading class com/sun/javafx/sg/prism/NGGroup done
Event: 0.682 loading class com/sun/javafx/scene/CssFlags
Event: 0.682 loading class com/sun/javafx/scene/CssFlags done
Event: 0.683 loading class javafx/scene/layout/Region$2
Event: 0.683 loading class javafx/scene/layout/Region$2 done
Event: 0.683 loading class javafx/scene/layout/Region$3
Event: 0.683 loading class javafx/scene/layout/Region$3 done
Event: 0.683 loading class javafx/scene/layout/Region$4
Event: 0.683 loading class javafx/scene/layout/Region$4 done
Event: 0.684 loading class javafx/scene/layout/Region$ShapeProperty
Event: 0.684 loading class javafx/scene/layout/Region$ShapeProperty done
Event: 0.684 loading class javafx/scene/layout/Region$MinPrefMaxProperty
Event: 0.684 loading class javafx/scene/layout/Region$MinPrefMaxProperty done
Event: 0.684 loading class javafx/scene/layout/Region$6
Event: 0.684 loading class javafx/scene/layout/Region$6 done
Event: 0.684 loading class javafx/scene/layout/Region$InsetsProperty
Event: 0.684 loading class javafx/scene/layout/Region$InsetsProperty done
Event: 0.685 loading class javafx/scene/layout/Region$7
Event: 0.685 loading class javafx/scene/layout/Region$7 done
Event: 0.685 loading class com/sun/javafx/sg/prism/NGRegion
Event: 0.685 loading class com/sun/javafx/sg/prism/NGRegion done
Event: 0.688 loading class javafx/scene/layout/Region$1
Event: 0.688 loading class javafx/scene/layout/Region$1 done
Event: 0.688 loading class javafx/scene/layout/Region$9
Event: 0.688 loading class javafx/scene/layout/Region$9 done
Event: 0.688 loading class javafx/scene/layout/Region$10
Event: 0.688 loading class javafx/scene/layout/Region$10 done
Event: 0.689 loading class javafx/scene/layout/Region$5
Event: 0.689 loading class javafx/scene/layout/Region$5 done
Event: 0.689 loading class javafx/scene/layout/Region$8
Event: 0.689 loading class javafx/scene/layout/Region$8 done
Event: 0.690 loading class javafx/scene/transform/Rotate
Event: 0.690 loading class javafx/scene/transform/Rotate done
Event: 0.691 loading class javafx/scene/transform/Transform
Event: 0.691 loading class javafx/scene/transform/Transform done
Event: 0.693 loading class javafx/scene/transform/Transform$3
Event: 0.693 loading class javafx/scene/transform/Transform$3 done
Event: 0.694 loading class javafx/scene/transform/Affine
Event: 0.694 loading class javafx/scene/transform/Affine done
Event: 0.697 loading class javafx/scene/transform/TransformChangedEvent
Event: 0.697 loading class javafx/scene/transform/TransformChangedEvent done
Event: 0.697 loading class javafx/scene/transform/Transform$LazyBooleanProperty
Event: 0.697 loading class javafx/scene/transform/Transform$LazyBooleanProperty done
Event: 0.698 loading class javafx/scene/transform/Transform$1
Event: 0.698 loading class javafx/scene/transform/Transform$1 done
Event: 0.698 loading class javafx/scene/transform/Transform$2
Event: 0.698 loading class javafx/scene/transform/Transform$2 done
Event: 0.699 loading class javafx/scene/transform/Rotate$2
Event: 0.699 loading class javafx/scene/transform/Rotate$2 done
Event: 0.699 loading class javafx/scene/transform/Rotate$3
Event: 0.699 loading class javafx/scene/transform/Rotate$3 done
Event: 0.699 loading class javafx/scene/transform/Rotate$4
Event: 0.699 loading class javafx/scene/transform/Rotate$4 done
Event: 0.699 loading class javafx/scene/transform/Rotate$5
Event: 0.699 loading class javafx/scene/transform/Rotate$5 done
Event: 0.700 loading class javafx/scene/transform/Rotate$1
Event: 0.700 loading class javafx/scene/transform/Rotate$1 done
Event: 0.700 loading class javafx/geometry/Point3D
Event: 0.700 loading class javafx/geometry/Point3D done
Event: 0.701 loading class javafx/scene/CacheHint
Event: 0.701 loading class javafx/scene/CacheHint done
Event: 0.701 loading class javafx/scene/DepthTest
Event: 0.701 loading class javafx/scene/DepthTest done
Event: 0.701 loading class javafx/css/PseudoClass
Event: 0.701 loading class javafx/css/PseudoClass done
Event: 0.702 loading class com/sun/javafx/css/PseudoClassState
Event: 0.702 loading class com/sun/javafx/css/PseudoClassState done
Event: 0.702 loading class com/sun/javafx/css/BitSet
Event: 0.702 loading class com/sun/javafx/css/BitSet done
Event: 0.703 loading class javafx/collections/SetChangeListener$Change
Event: 0.703 loading class javafx/collections/SetChangeListener$Change done
Event: 0.703 loading class com/sun/javafx/css/BitSet$Change
Event: 0.703 loading class com/sun/javafx/css/BitSet$Change done
Event: 0.703 loading class com/sun/javafx/css/PseudoClassImpl
Event: 0.703 loading class com/sun/javafx/css/PseudoClassImpl done


Dynamic libraries:
0x00007ff7a63d0000 - 0x00007ff7a6419000 	C:\Program Files\ojdkbuild\java-1.8.0-openjdk-1.8.0.222-1\bin\javaw.exe
0x00007ffd0a780000 - 0x00007ffd0a96d000 	C:\Windows\SYSTEM32\ntdll.dll
0x00007ffd09a80000 - 0x00007ffd09b33000 	C:\Windows\System32\KERNEL32.DLL
0x00007ffd06a00000 - 0x00007ffd06c95000 	C:\Windows\System32\KERNELBASE.dll
0x00007ffd079a0000 - 0x00007ffd07a43000 	C:\Windows\System32\ADVAPI32.dll
0x00007ffd07a50000 - 0x00007ffd07aee000 	C:\Windows\System32\msvcrt.dll
0x00007ffd09f60000 - 0x00007ffd09ffe000 	C:\Windows\System32\sechost.dll
0x00007ffd07d60000 - 0x00007ffd07e82000 	C:\Windows\System32\RPCRT4.dll
0x00007ffd081c0000 - 0x00007ffd08357000 	C:\Windows\System32\USER32.dll
0x00007ffd075b0000 - 0x00007ffd075d0000 	C:\Windows\System32\win32u.dll
0x00007ffd09ba0000 - 0x00007ffd09bc9000 	C:\Windows\System32\GDI32.dll
0x00007ffd07800000 - 0x00007ffd0799c000 	C:\Windows\System32\gdi32full.dll
0x00007ffd06830000 - 0x00007ffd068d0000 	C:\Windows\System32\msvcp_win.dll
0x00007ffd06ca0000 - 0x00007ffd06d9a000 	C:\Windows\System32\ucrtbase.dll
0x00007ffcf7f80000 - 0x00007ffcf81f9000 	C:\Windows\WinSxS\amd64_microsoft.windows.common-controls_6595b64144ccf1df_6.0.17763.1577_none_de7444545348a3d0\COMCTL32.dll
0x00007ffd07e90000 - 0x00007ffd081bd000 	C:\Windows\System32\combase.dll
0x00007ffd068d0000 - 0x00007ffd0694e000 	C:\Windows\System32\bcryptPrimitives.dll
0x00007ffd0a000000 - 0x00007ffd0a02e000 	C:\Windows\System32\IMM32.DLL
0x0000000180000000 - 0x0000000180023000 	C:\PROGRA~2\SOLUSS~1\MAESTR~1\SoApInit.dll
0x00007ffd08400000 - 0x00007ffd098f9000 	C:\Windows\System32\SHELL32.dll
0x00007ffd06950000 - 0x00007ffd0699a000 	C:\Windows\System32\cfgmgr32.dll
0x00007ffd09bd0000 - 0x00007ffd09c78000 	C:\Windows\System32\shcore.dll
0x00007ffd06e50000 - 0x00007ffd075a3000 	C:\Windows\System32\windows.storage.dll
0x00007ffd06800000 - 0x00007ffd06824000 	C:\Windows\System32\profapi.dll
0x00007ffd067a0000 - 0x00007ffd067fd000 	C:\Windows\System32\powrprof.dll
0x00007ffd09b40000 - 0x00007ffd09b92000 	C:\Windows\System32\shlwapi.dll
0x00007ffd06780000 - 0x00007ffd06791000 	C:\Windows\System32\kernel.appcore.dll
0x00007ffd077e0000 - 0x00007ffd077f7000 	C:\Windows\System32\cryptsp.dll
0x000000005c3c0000 - 0x000000005c492000 	C:\Program Files\ojdkbuild\java-1.8.0-openjdk-1.8.0.222-1\jre\bin\msvcr100.dll
0x000000005d060000 - 0x000000005d91c000 	C:\Program Files\ojdkbuild\java-1.8.0-openjdk-1.8.0.222-1\jre\bin\server\jvm.dll
0x00007ffd09900000 - 0x00007ffd09908000 	C:\Windows\System32\PSAPI.DLL
0x00007ffcf5420000 - 0x00007ffcf5429000 	C:\Windows\SYSTEM32\WSOCK32.dll
0x00007ffd047b0000 - 0x00007ffd047d4000 	C:\Windows\SYSTEM32\WINMM.dll
0x00007ffd08380000 - 0x00007ffd083ed000 	C:\Windows\System32\WS2_32.dll
0x00007ffd01970000 - 0x00007ffd0197a000 	C:\Windows\SYSTEM32\VERSION.dll
0x00007ffd04330000 - 0x00007ffd0435d000 	C:\Windows\SYSTEM32\winmmbase.dll
0x00007ffcebff0000 - 0x00007ffcebfff000 	C:\Program Files\ojdkbuild\java-1.8.0-openjdk-1.8.0.222-1\jre\bin\verify.dll
0x00007ffcd1090000 - 0x00007ffcd10b9000 	C:\Program Files\ojdkbuild\java-1.8.0-openjdk-1.8.0.222-1\jre\bin\java.dll
0x00007ffcd8b20000 - 0x00007ffcd8b55000 	C:\Program Files\ojdkbuild\java-1.8.0-openjdk-1.8.0.222-1\jre\bin\jdwp.dll
0x00007ffcfbc60000 - 0x00007ffcfbc68000 	C:\Program Files\ojdkbuild\java-1.8.0-openjdk-1.8.0.222-1\jre\bin\npt.dll
0x00007ffcd6690000 - 0x00007ffcd66b3000 	C:\Program Files\ojdkbuild\java-1.8.0-openjdk-1.8.0.222-1\jre\bin\instrument.dll
0x00007ffce61f0000 - 0x00007ffce6206000 	C:\Program Files\ojdkbuild\java-1.8.0-openjdk-1.8.0.222-1\jre\bin\zip.dll
0x00007ffcf7890000 - 0x00007ffcf7899000 	C:\Program Files\ojdkbuild\java-1.8.0-openjdk-1.8.0.222-1\jre\bin\dt_socket.dll
0x00007ffcf4550000 - 0x00007ffcf4566000 	C:\Windows\system32\napinsp.dll
0x00007ffcf4530000 - 0x00007ffcf454a000 	C:\Windows\system32\pnrpnsp.dll
0x00007ffd05f70000 - 0x00007ffd05fd7000 	C:\Windows\System32\mswsock.dll
0x00007ffd05cd0000 - 0x00007ffd05d96000 	C:\Windows\SYSTEM32\DNSAPI.dll
0x00007ffd083f0000 - 0x00007ffd083f8000 	C:\Windows\System32\NSI.dll
0x00007ffd05c90000 - 0x00007ffd05ccd000 	C:\Windows\SYSTEM32\IPHLPAPI.DLL
0x00007ffcf4520000 - 0x00007ffcf452e000 	C:\Windows\System32\winrnr.dll
0x00007ffd02fd0000 - 0x00007ffd02feb000 	C:\Windows\system32\NLAapi.dll
0x00007ffcf4500000 - 0x00007ffcf4515000 	C:\Windows\system32\wshbth.dll
0x00007ffcfc690000 - 0x00007ffcfc709000 	C:\Windows\System32\fwpuclnt.dll
0x00007ffd077b0000 - 0x00007ffd077d6000 	C:\Windows\System32\bcrypt.dll
0x00007ffcfc1a0000 - 0x00007ffcfc1aa000 	C:\Windows\System32\rasadhlp.dll
0x0000000000f40000 - 0x0000000000f43000 	C:\Program Files\ojdkbuild\java-1.8.0-openjdk-1.8.0.222-1\jre\bin\api-ms-win-core-console-l1-1-0.dll
0x0000000002ae0000 - 0x0000000002ae3000 	C:\Program Files\ojdkbuild\java-1.8.0-openjdk-1.8.0.222-1\jre\bin\api-ms-win-core-datetime-l1-1-0.dll
0x0000000002af0000 - 0x0000000002af3000 	C:\Program Files\ojdkbuild\java-1.8.0-openjdk-1.8.0.222-1\jre\bin\api-ms-win-core-debug-l1-1-0.dll
0x0000000020e60000 - 0x0000000020e63000 	C:\Program Files\ojdkbuild\java-1.8.0-openjdk-1.8.0.222-1\jre\bin\api-ms-win-core-errorhandling-l1-1-0.dll
0x0000000020e70000 - 0x0000000020e74000 	C:\Program Files\ojdkbuild\java-1.8.0-openjdk-1.8.0.222-1\jre\bin\api-ms-win-core-file-l1-1-0.dll
0x0000000020e80000 - 0x0000000020e83000 	C:\Program Files\ojdkbuild\java-1.8.0-openjdk-1.8.0.222-1\jre\bin\api-ms-win-core-file-l1-2-0.dll
0x0000000020e90000 - 0x0000000020e93000 	C:\Program Files\ojdkbuild\java-1.8.0-openjdk-1.8.0.222-1\jre\bin\api-ms-win-core-file-l2-1-0.dll
0x0000000020ea0000 - 0x0000000020ea3000 	C:\Program Files\ojdkbuild\java-1.8.0-openjdk-1.8.0.222-1\jre\bin\api-ms-win-core-handle-l1-1-0.dll
0x0000000020eb0000 - 0x0000000020eb3000 	C:\Program Files\ojdkbuild\java-1.8.0-openjdk-1.8.0.222-1\jre\bin\api-ms-win-core-heap-l1-1-0.dll
0x0000000020ec0000 - 0x0000000020ec3000 	C:\Program Files\ojdkbuild\java-1.8.0-openjdk-1.8.0.222-1\jre\bin\api-ms-win-core-interlocked-l1-1-0.dll
0x0000000020ed0000 - 0x0000000020ed3000 	C:\Program Files\ojdkbuild\java-1.8.0-openjdk-1.8.0.222-1\jre\bin\api-ms-win-core-libraryloader-l1-1-0.dll
0x0000000020ee0000 - 0x0000000020ee3000 	C:\Program Files\ojdkbuild\java-1.8.0-openjdk-1.8.0.222-1\jre\bin\api-ms-win-core-localization-l1-2-0.dll
0x0000000020ef0000 - 0x0000000020ef3000 	C:\Program Files\ojdkbuild\java-1.8.0-openjdk-1.8.0.222-1\jre\bin\api-ms-win-core-memory-l1-1-0.dll
0x0000000020f00000 - 0x0000000020f03000 	C:\Program Files\ojdkbuild\java-1.8.0-openjdk-1.8.0.222-1\jre\bin\api-ms-win-core-namedpipe-l1-1-0.dll
0x0000000020f10000 - 0x0000000020f13000 	C:\Program Files\ojdkbuild\java-1.8.0-openjdk-1.8.0.222-1\jre\bin\api-ms-win-core-processenvironment-l1-1-0.dll
0x0000000020f20000 - 0x0000000020f23000 	C:\Program Files\ojdkbuild\java-1.8.0-openjdk-1.8.0.222-1\jre\bin\api-ms-win-core-processthreads-l1-1-0.dll
0x0000000020f30000 - 0x0000000020f33000 	C:\Program Files\ojdkbuild\java-1.8.0-openjdk-1.8.0.222-1\jre\bin\api-ms-win-core-processthreads-l1-1-1.dll
0x0000000020f40000 - 0x0000000020f43000 	C:\Program Files\ojdkbuild\java-1.8.0-openjdk-1.8.0.222-1\jre\bin\api-ms-win-core-profile-l1-1-0.dll
0x0000000020f50000 - 0x0000000020f53000 	C:\Program Files\ojdkbuild\java-1.8.0-openjdk-1.8.0.222-1\jre\bin\api-ms-win-core-rtlsupport-l1-1-0.dll
0x0000000020f60000 - 0x0000000020f63000 	C:\Program Files\ojdkbuild\java-1.8.0-openjdk-1.8.0.222-1\jre\bin\api-ms-win-core-string-l1-1-0.dll
0x0000000020f70000 - 0x0000000020f73000 	C:\Program Files\ojdkbuild\java-1.8.0-openjdk-1.8.0.222-1\jre\bin\api-ms-win-core-synch-l1-1-0.dll
0x0000000020f80000 - 0x0000000020f83000 	C:\Program Files\ojdkbuild\java-1.8.0-openjdk-1.8.0.222-1\jre\bin\api-ms-win-core-synch-l1-2-0.dll
0x0000000020f90000 - 0x0000000020f93000 	C:\Program Files\ojdkbuild\java-1.8.0-openjdk-1.8.0.222-1\jre\bin\api-ms-win-core-sysinfo-l1-1-0.dll
0x0000000020fa0000 - 0x0000000020fa3000 	C:\Program Files\ojdkbuild\java-1.8.0-openjdk-1.8.0.222-1\jre\bin\api-ms-win-core-timezone-l1-1-0.dll
0x0000000020fb0000 - 0x0000000020fb3000 	C:\Program Files\ojdkbuild\java-1.8.0-openjdk-1.8.0.222-1\jre\bin\api-ms-win-core-util-l1-1-0.dll
0x0000000020fc0000 - 0x0000000020fc3000 	C:\Program Files\ojdkbuild\java-1.8.0-openjdk-1.8.0.222-1\jre\bin\api-ms-win-crt-conio-l1-1-0.dll
0x0000000020fd0000 - 0x0000000020fd4000 	C:\Program Files\ojdkbuild\java-1.8.0-openjdk-1.8.0.222-1\jre\bin\api-ms-win-crt-convert-l1-1-0.dll
0x0000000020fe0000 - 0x0000000020fe3000 	C:\Program Files\ojdkbuild\java-1.8.0-openjdk-1.8.0.222-1\jre\bin\api-ms-win-crt-environment-l1-1-0.dll
0x0000000020ff0000 - 0x0000000020ff3000 	C:\Program Files\ojdkbuild\java-1.8.0-openjdk-1.8.0.222-1\jre\bin\api-ms-win-crt-filesystem-l1-1-0.dll
0x0000000021000000 - 0x0000000021003000 	C:\Program Files\ojdkbuild\java-1.8.0-openjdk-1.8.0.222-1\jre\bin\api-ms-win-crt-heap-l1-1-0.dll
0x0000000021010000 - 0x0000000021013000 	C:\Program Files\ojdkbuild\java-1.8.0-openjdk-1.8.0.222-1\jre\bin\api-ms-win-crt-locale-l1-1-0.dll
0x0000000021020000 - 0x0000000021025000 	C:\Program Files\ojdkbuild\java-1.8.0-openjdk-1.8.0.222-1\jre\bin\api-ms-win-crt-math-l1-1-0.dll
0x0000000021030000 - 0x0000000021035000 	C:\Program Files\ojdkbuild\java-1.8.0-openjdk-1.8.0.222-1\jre\bin\api-ms-win-crt-multibyte-l1-1-0.dll
0x0000000021040000 - 0x0000000021050000 	C:\Program Files\ojdkbuild\java-1.8.0-openjdk-1.8.0.222-1\jre\bin\api-ms-win-crt-private-l1-1-0.dll
0x0000000021050000 - 0x0000000021053000 	C:\Program Files\ojdkbuild\java-1.8.0-openjdk-1.8.0.222-1\jre\bin\api-ms-win-crt-process-l1-1-0.dll
0x0000000021060000 - 0x0000000021064000 	C:\Program Files\ojdkbuild\java-1.8.0-openjdk-1.8.0.222-1\jre\bin\api-ms-win-crt-runtime-l1-1-0.dll
0x0000000021070000 - 0x0000000021074000 	C:\Program Files\ojdkbuild\java-1.8.0-openjdk-1.8.0.222-1\jre\bin\api-ms-win-crt-stdio-l1-1-0.dll
0x0000000021080000 - 0x0000000021084000 	C:\Program Files\ojdkbuild\java-1.8.0-openjdk-1.8.0.222-1\jre\bin\api-ms-win-crt-string-l1-1-0.dll
0x0000000021090000 - 0x0000000021093000 	C:\Program Files\ojdkbuild\java-1.8.0-openjdk-1.8.0.222-1\jre\bin\api-ms-win-crt-time-l1-1-0.dll
0x00000000210a0000 - 0x00000000210a3000 	C:\Program Files\ojdkbuild\java-1.8.0-openjdk-1.8.0.222-1\jre\bin\api-ms-win-crt-utility-l1-1-0.dll
0x00007ffcd5a50000 - 0x00007ffcd5b4c000 	C:\Program Files\ojdkbuild\java-1.8.0-openjdk-1.8.0.222-1\jre\bin\ucrtbase.dll
0x00007ffcd85c0000 - 0x00007ffcd85d5000 	C:\Program Files\ojdkbuild\java-1.8.0-openjdk-1.8.0.222-1\jre\bin\vcruntime140.dll
0x00007ffcd47f0000 - 0x00007ffcd488b000 	C:\Program Files\ojdkbuild\java-1.8.0-openjdk-1.8.0.222-1\jre\bin\msvcp140.dll
0x00007ffcd59f0000 - 0x00007ffcd5a41000 	C:\Program Files\ojdkbuild\java-1.8.0-openjdk-1.8.0.222-1\jre\bin\concrt140.dll
0x00007ffcd4300000 - 0x00007ffcd4323000 	C:\Program Files\ojdkbuild\java-1.8.0-openjdk-1.8.0.222-1\jre\bin\prism_d3d.dll
0x00007ffcc2080000 - 0x00007ffcc221e000 	C:\Windows\system32\d3d9.dll
0x00007ffd05020000 - 0x00007ffd0504e000 	C:\Windows\SYSTEM32\dwmapi.dll
0x00007ffd075d0000 - 0x00007ffd077ac000 	C:\Windows\System32\CRYPT32.dll
0x00007ffd06760000 - 0x00007ffd06772000 	C:\Windows\System32\MSASN1.dll
0x00007ffd04d30000 - 0x00007ffd04dcc000 	C:\Windows\system32\uxtheme.dll
0x00007ffcd8df0000 - 0x00007ffcd8fb0000 	C:\Windows\System32\DriverStore\FileRepository\igdlh64.inf_amd64_d03105a152ac7ed4\igdumdim64.dll
0x00007ffcff020000 - 0x00007ffcff172000 	C:\Windows\System32\DriverStore\FileRepository\igdlh64.inf_amd64_d03105a152ac7ed4\igdgmm64.dll
0x00007ffcd42b0000 - 0x00007ffcd42f5000 	C:\Program Files\ojdkbuild\java-1.8.0-openjdk-1.8.0.222-1\jre\bin\glass.dll
0x00007ffd09e30000 - 0x00007ffd09f57000 	C:\Windows\System32\COMDLG32.dll
0x00007ffd09920000 - 0x00007ffd09a76000 	C:\Windows\System32\ole32.dll
0x00007ffd09d00000 - 0x00007ffd09dc4000 	C:\Windows\System32\OLEAUT32.dll
0x00007ffd0a0e0000 - 0x00007ffd0a24b000 	C:\Windows\System32\MSCTF.dll
0x00007ffc963a0000 - 0x00007ffc99f7b000 	C:\Windows\System32\DriverStore\FileRepository\igdlh64.inf_amd64_d03105a152ac7ed4\igd9dxva64.dll
0x00007ffcd1be0000 - 0x00007ffcd1c02000 	C:\Windows\System32\DriverStore\FileRepository\igdlh64.inf_amd64_d03105a152ac7ed4\igdinfo64.dll
0x00007ffcfcc70000 - 0x00007ffcfefc6000 	C:\Windows\System32\DriverStore\FileRepository\igdlh64.inf_amd64_d03105a152ac7ed4\igc64.dll
0x00007ffcf5050000 - 0x00007ffcf523d000 	C:\Windows\SYSTEM32\dbghelp.dll

VM Arguments:
jvm_args: -agentlib:jdwp=transport=dt_socket,suspend=y,address=localhost:61775 -javaagent:C:\dev\eclipse-java\eclipse\configuration\org.eclipse.osgi\226\0\.cp\lib\javaagent-shaded.jar -Dfile.encoding=UTF-8 
java_command: application.Main
java_class_path (initial): C:\Users\user\Desktop\PJ\TeamJavaProject\bin;C:\dev\eclipse-java\eclipse\plugins\org.eclipse.fx.ide.css.jfx8_3.5.0.201902220800.jar;C:\dev\eclipse-java\eclipse\configuration\org.eclipse.osgi\226\0\.cp\lib\javaagent-shaded.jar
Launcher Type: SUN_STANDARD

Environment Variables:
JAVA_HOME=C:\Program Files\ojdkbuild\java-1.8.0-openjdk-1.8.0.222-1
PATH=C:/Program Files/ojdkbuild/java-1.8.0-openjdk-1.8.0.222-1/bin/../jre/bin/server;C:/Program Files/ojdkbuild/java-1.8.0-openjdk-1.8.0.222-1/bin/../jre/bin;C:/Program Files/ojdkbuild/java-1.8.0-openjdk-1.8.0.222-1/bin/../jre/lib/amd64;C:\oraclexe\app\oracle\product\11.2.0\server\bin;;C:\Windows\system32;C:\Windows;C:\Windows\System32\Wbem;C:\Windows\System32\WindowsPowerShell\v1.0\;C:\Windows\System32\OpenSSH\;C:\Program Files\Git\cmd;C:\Program Files\ojdkbuild\java-1.8.0-openjdk-1.8.0.222-1\webstart\;C:\Program Files\ojdkbuild\java-1.8.0-openjdk-1.8.0.222-1\bin;C:\Program Files\ojdkbuild\java-1.8.0-openjdk-1.8.0.222-1\jre\bin;C:\Program Files\nodejs\;C:\Program Files (x86)\Brackets\command;C:\Users\user\AppData\Local\Microsoft\WindowsApps;C:\Program Files\Bandizip\;C:\Users\user\AppData\Local\Programs\Microsoft VS Code\bin;C:\Users\user\AppData\Roaming\npm;C:\Program Files\ojdkbuild\java-1.8.0-openjdk-1.8.0.222-1\bin;;C:\dev\eclipse-java\eclipse;
USERNAME=user
OS=Windows_NT
PROCESSOR_IDENTIFIER=Intel64 Family 6 Model 94 Stepping 3, GenuineIntel



---------------  S Y S T E M  ---------------

OS: Windows 10.0 , 64 bit Build 17763 (10.0.17763.475)

CPU:total 8 (initial active 8) (4 cores per cpu, 2 threads per core) family 6 model 94 stepping 3, cmov, cx8, fxsr, mmx, sse, sse2, sse3, ssse3, sse4.1, sse4.2, popcnt, avx, avx2, aes, clmul, erms, rtm, 3dnowpref, lzcnt, ht, tsc, tscinvbit, bmi1, bmi2, adx

Memory: 4k page, physical 16655424k(9286812k free), swap 17704000k(9035768k free)

vm_info: OpenJDK 64-Bit Server VM (25.222-b10) for windows-amd64 JRE (1.8.0_222-1-ojdkbuild-b10), built on Jul 18 2019 16:58:32 by "VssAdministrator" with MS VC++ 10.0 (VS2010)

time: Tue Nov 09 14:09:56 2021
timezone:  
elapsed time: 0 seconds (0d 0h 0m 0s)

